<?xml version="1.0" encoding="UTF-8"?>
<!-- Generated by org.testng.reporters.JUnitReportReporter -->
<testsuite hostname="DESKTOP-JRI3CJT" failures="0" tests="1" name="com.testcase.LoginPageVarify" time="16.309" errors="0" timestamp="2024-05-30T10:18:19 IST" skipped="0">
  <testcase classname="com.testcase.LoginPageVarify" name="m1" time="16.309"/>
</testsuite> <!-- com.testcase.LoginPageVarify -->
